<?xml version="1.0" encoding="UTF-8"?>
<testsuite name="ar.com.notarip.scm.ArticuloSpec" tests="1" skipped="0" failures="0" errors="0" timestamp="2015-06-15T14:25:07" hostname="pablo" time="4.613">
  <properties/>
  <testcase name="test something" classname="ar.com.notarip.scm.ArticuloSpec" time="4.613"/>
  <system-out><![CDATA[]]></system-out>
  <system-err><![CDATA[]]></system-err>
</testsuite>
